<?xml version="1.0" encoding="UTF-8"?>
<!-- Generated by org.testng.reporters.JUnitReportReporter -->
<testsuite hostname="Shpaah" failures="0" tests="7" name="runner.TestNgRunner" time="27.202" errors="0" timestamp="2023-12-18T16:39:32 IST" skipped="0">
  <testcase classname="runner.TestNgRunner" name="runScenario" time="2.441"/>
  <testcase classname="runner.TestNgRunner" name="runScenario" time="2.496"/>
  <testcase classname="runner.TestNgRunner" name="runScenario" time="4.374"/>
  <testcase classname="runner.TestNgRunner" name="runScenario" time="2.597"/>
  <testcase classname="runner.TestNgRunner" name="runScenario" time="8.545"/>
  <testcase classname="runner.TestNgRunner" name="runScenario" time="3.418"/>
  <testcase classname="runner.TestNgRunner" name="runScenario" time="3.331"/>
</testsuite> <!-- runner.TestNgRunner -->
